<?xml version="1.0" encoding="UTF-8"?>
<testng-results skipped="0" failed="0" total="1" passed="1">
  <reporter-output>
  </reporter-output>
  <suite name="Suite" duration-ms="35" started-at="2016-12-01T06:17:57Z" finished-at="2016-12-01T06:17:57Z">
    <groups>
    </groups>
    <test name="Test" duration-ms="35" started-at="2016-12-01T06:17:57Z" finished-at="2016-12-01T06:17:57Z">
      <class name="TestNg.NewTest">
        <test-method status="PASS" signature="f()[pri:0, instance:TestNg.NewTest@cd7e6ef]" name="f" duration-ms="12" started-at="2016-12-01T14:17:57Z" finished-at="2016-12-01T14:17:57Z">
          <reporter-output>
          </reporter-output>
        </test-method> <!-- f -->
      </class> <!-- TestNg.NewTest -->
    </test> <!-- Test -->
  </suite> <!-- Suite -->
</testng-results>
